<?xml version="1.0" encoding="UTF-8"?>
<testsuite name="dev.schulte.daotests.ComplaintDaoTests" tests="2" skipped="0" failures="0" errors="0" timestamp="2022-08-18T19:43:20" hostname="DESKTOP-87938HV" time="0.84">
  <properties/>
  <testcase name="create_complaint_test()" classname="dev.schulte.daotests.ComplaintDaoTests" time="0.441"/>
  <testcase name="get_all_complaints_test()" classname="dev.schulte.daotests.ComplaintDaoTests" time="0.398"/>
  <system-out><![CDATA[]]></system-out>
  <system-err><![CDATA[]]></system-err>
</testsuite>
